<?xml version="1.0" encoding="UTF-8"?>
<testng-results ignored="0" total="3" passed="3" failed="0" skipped="0">
  <reporter-output>
  </reporter-output>
  <suite started-at="2024-03-08T11:41:53 IST" name="Gradle suite" finished-at="2024-03-08T11:42:50 IST" duration-ms="56924">
    <groups>
    </groups>
    <test started-at="2024-03-08T11:41:53 IST" name="Gradle test" finished-at="2024-03-08T11:42:50 IST" duration-ms="56924">
      <class name="qtriptest.tests.testCase_01">
        <test-method is-config="true" signature="createDriver()[pri:0, instance:qtriptest.tests.testCase_01@4738a206]" started-at="2024-03-08T11:41:53 IST" name="createDriver" finished-at="2024-03-08T11:41:55 IST" duration-ms="2428" status="PASS">
          <reporter-output>
          </reporter-output>
        </test-method> <!-- createDriver -->
        <test-method signature="TestCase01(java.lang.String,java.lang.String)[pri:1, instance:qtriptest.tests.testCase_01@4738a206]" started-at="2024-03-08T11:41:57 IST" name="TestCase01" description="Test Case Id 1" data-provider="data-provider" finished-at="2024-03-08T11:42:15 IST" duration-ms="17897" status="PASS">
          <params>
            <param index="0">
              <value>
                <![CDATA[testuser@gmail.com]]>
              </value>
            </param>
            <param index="1">
              <value>
                <![CDATA[abc@123]]>
              </value>
            </param>
          </params>
          <reporter-output>
          </reporter-output>
        </test-method> <!-- TestCase01 -->
        <test-method signature="TestCase01(java.lang.String,java.lang.String)[pri:1, instance:qtriptest.tests.testCase_01@4738a206]" started-at="2024-03-08T11:42:15 IST" name="TestCase01" description="Test Case Id 1" data-provider="data-provider" finished-at="2024-03-08T11:42:32 IST" duration-ms="17307" status="PASS">
          <params>
            <param index="0">
              <value>
                <![CDATA[TESTUSER@gmail.com]]>
              </value>
            </param>
            <param index="1">
              <value>
                <![CDATA[123456.0]]>
              </value>
            </param>
          </params>
          <reporter-output>
          </reporter-output>
        </test-method> <!-- TestCase01 -->
        <test-method signature="TestCase01(java.lang.String,java.lang.String)[pri:1, instance:qtriptest.tests.testCase_01@4738a206]" started-at="2024-03-08T11:42:32 IST" name="TestCase01" description="Test Case Id 1" data-provider="data-provider" finished-at="2024-03-08T11:42:50 IST" duration-ms="17246" status="PASS">
          <params>
            <param index="0">
              <value>
                <![CDATA[123_USER_low@gmail.com]]>
              </value>
            </param>
            <param index="1">
              <value>
                <![CDATA[QWERTY!!!!]]>
              </value>
            </param>
          </params>
          <reporter-output>
          </reporter-output>
        </test-method> <!-- TestCase01 -->
      </class> <!-- qtriptest.tests.testCase_01 -->
    </test> <!-- Gradle test -->
  </suite> <!-- Gradle suite -->
</testng-results>
